<?xml version="1.0" encoding="UTF-8"?>
<testsuite xmlns:xsi="http://www.w3.org/2001/XMLSchema-instance" xsi:noNamespaceSchemaLocation="https://maven.apache.org/surefire/maven-surefire-plugin/xsd/surefire-test-report-3.0.xsd" version="3.0" name="com.tinqinacademy.comments.rest.controllers.HotelControllerTest" time="3.51" tests="1" errors="0" skipped="0" failures="0">
  <properties>
[...]
</properties>
  <testcase name="getAllComments" classname="com.tinqinacademy.comments.rest.controllers.HotelControllerTest" time="0.92">
    <system-out><![CDATA[13:11:07.768 [main] INFO org.springframework.test.context.support.AnnotationConfigContextLoaderUtils -- Could not detect default configuration classes for test class [com.tinqinacademy.comments.rest.controllers.HotelControllerTest]: HotelControllerTest does not declare any static, non-private, non-final, nested classes annotated with @Configuration.
13:11:07.936 [main] INFO org.springframework.boot.test.context.SpringBootTestContextBootstrapper -- Found @SpringBootConfiguration com.tinqinacademy.comments.rest.CommentsApplication for test class com.tinqinacademy.comments.rest.controllers.HotelControllerTest

  .   ____          _            __ _ _
 /\\ / ___'_ __ _ _(_)_ __  __ _ \ \ \ \
( ( )\___ | '_ | '_| | '_ \/ _` | \ \ \ \
 \\/  ___)| |_)| | | | | || (_| |  ) ) ) )
  '  |____| .__|_| |_|_| |_\__, | / / / /
 =========|_|==============|___/=/_/_/_/

 :: Spring Boot ::                (v3.3.1)

2024-07-15T13:11:08.399+03:00  INFO 9440 --- [comments] [           main] c.t.c.r.controllers.HotelControllerTest  : Starting HotelControllerTest using Java 21.0.2 with PID 9440 (started by TinqinGuest in C:\Users\TinqinGuest\Documents\GitHub\comments\rest)
2024-07-15T13:11:08.401+03:00  INFO 9440 --- [comments] [           main] c.t.c.r.controllers.HotelControllerTest  : No active profile set, falling back to 1 default profile: "default"
2024-07-15T13:11:10.123+03:00  INFO 9440 --- [comments] [           main] o.s.b.t.m.w.SpringBootMockServletContext : Initializing Spring TestDispatcherServlet ''
2024-07-15T13:11:10.124+03:00  INFO 9440 --- [comments] [           main] o.s.t.web.servlet.TestDispatcherServlet  : Initializing Servlet ''
2024-07-15T13:11:10.125+03:00  INFO 9440 --- [comments] [           main] o.s.t.web.servlet.TestDispatcherServlet  : Completed initialization in 1 ms
2024-07-15T13:11:10.148+03:00  INFO 9440 --- [comments] [           main] c.t.c.r.controllers.HotelControllerTest  : Started HotelControllerTest in 2.029 seconds (process running for 3.114)
2024-07-15T13:11:11.011+03:00  INFO 9440 --- [comments] [           main] c.t.comments.core.HotelServiceImpl       : Start getComments with input: GetCommentsInput(roomId=1)
2024-07-15T13:11:11.014+03:00  INFO 9440 --- [comments] [           main] c.t.comments.core.HotelServiceImpl       : End getComments with output: GetCommentsOutput(comments=[GetComment(id=1, firstName=a, lastName=b, content=c, publishDate=2024-07-15, lastEditedDate=2024-07-16, lastEditedBy=d), GetComment(id=2, firstName=name2, lastName=name3, content=content content content content, publishDate=2024-07-20, lastEditedDate=2024-07-25, lastEditedBy=admin)])
]]></system-out>
    <system-err><![CDATA[WARNING: A Java agent has been loaded dynamically (C:\Users\TinqinGuest\.m2\repository\net\bytebuddy\byte-buddy-agent\1.14.17\byte-buddy-agent-1.14.17.jar)
WARNING: If a serviceability tool is in use, please run with -XX:+EnableDynamicAgentLoading to hide this warning
WARNING: If a serviceability tool is not in use, please run with -Djdk.instrument.traceUsage for more information
WARNING: Dynamic loading of agents will be disallowed by default in a future release
]]></system-err>
  </testcase>
</testsuite>